<?xml version="1.0" encoding="UTF-8"?>
<testsuite name="com.lab.CalculatorTest" tests="3" skipped="0" failures="0" errors="0" timestamp="2026-05-07T19:39:16.958Z" hostname="LINO" time="0.019">
  <properties/>
  <testcase name="calc_withOneAndTwo_returnsExpectedRatio" classname="com.lab.CalculatorTest" time="0.004"/>
  <testcase name="prtRes_doesNotThrow" classname="com.lab.CalculatorTest" time="0.008"/>
  <testcase name="calc_withPositiveNumbers_returnsSumDividedByProduct" classname="com.lab.CalculatorTest" time="0.0"/>
  <system-out><![CDATA[Result: 42.0
]]></system-out>
  <system-err><![CDATA[]]></system-err>
</testsuite>
