<?xml version="1.0" encoding="UTF-8"?>
<testsuite name="com.lab.OrderProcessorTest" tests="5" skipped="0" failures="0" errors="0" timestamp="2026-05-07T19:39:16.985Z" hostname="LINO" time="0.019">
  <properties/>
  <testcase name="printOrderSummary_containsItemName" classname="com.lab.OrderProcessorTest" time="0.017"/>
  <testcase name="printOrderSummary_member_showsDiscountedTotal" classname="com.lab.OrderProcessorTest" time="0.0"/>
  <testcase name="printOrderSummary_containsCustomerName" classname="com.lab.OrderProcessorTest" time="0.0"/>
  <testcase name="printOrderSummary_containsOrderSummaryHeader" classname="com.lab.OrderProcessorTest" time="0.001"/>
  <testcase name="printOrderSummary_nonMember_showsCorrectTotal" classname="com.lab.OrderProcessorTest" time="0.0"/>
  <system-out><![CDATA[]]></system-out>
  <system-err><![CDATA[]]></system-err>
</testsuite>
